{"/Users/mario/Documents/value-encryptor-decryptor/server.js": {"path":"/Users/mario/Documents/value-encryptor-decryptor/server.js","statementMap":{"0":{"start":{"line":3,"column":17},"end":{"line":3,"column":32}},"1":{"start":{"line":4,"column":16},"end":{"line":4,"column":34}},"2":{"start":{"line":7,"column":4},"end":{"line":7,"column":24}},"3":{"start":{"line":9,"column":18},"end":{"line":9,"column":35}},"4":{"start":{"line":11,"column":15},"end":{"line":11,"column":35}},"5":{"start":{"line":14,"column":13},"end":{"line":14,"column":17}},"6":{"start":{"line":15,"column":13},"end":{"line":15,"column":22}},"7":{"start":{"line":18,"column":12},"end":{"line":18,"column":21}},"8":{"start":{"line":20,"column":0},"end":{"line":22,"column":3}},"9":{"start":{"line":21,"column":2},"end":{"line":21,"column":22}},"10":{"start":{"line":25,"column":0},"end":{"line":33,"column":3}},"11":{"start":{"line":26,"column":2},"end":{"line":26,"column":52}},"12":{"start":{"line":27,"column":14},"end":{"line":27,"column":40}},"13":{"start":{"line":28,"column":2},"end":{"line":30,"column":3}},"14":{"start":{"line":29,"column":4},"end":{"line":29,"column":88}},"15":{"start":{"line":31,"column":15},"end":{"line":31,"column":29}},"16":{"start":{"line":32,"column":2},"end":{"line":32,"column":72}},"17":{"start":{"line":36,"column":0},"end":{"line":44,"column":3}},"18":{"start":{"line":37,"column":2},"end":{"line":37,"column":52}},"19":{"start":{"line":38,"column":14},"end":{"line":38,"column":40}},"20":{"start":{"line":39,"column":2},"end":{"line":41,"column":3}},"21":{"start":{"line":40,"column":4},"end":{"line":40,"column":88}},"22":{"start":{"line":42,"column":15},"end":{"line":42,"column":29}},"23":{"start":{"line":43,"column":2},"end":{"line":43,"column":72}},"24":{"start":{"line":46,"column":0},"end":{"line":48,"column":2}},"25":{"start":{"line":47,"column":2},"end":{"line":47,"column":22}},"26":{"start":{"line":50,"column":0},"end":{"line":53,"column":3}},"27":{"start":{"line":51,"column":2},"end":{"line":51,"column":27}},"28":{"start":{"line":52,"column":2},"end":{"line":52,"column":22}},"29":{"start":{"line":57,"column":19},"end":{"line":57,"column":34}},"30":{"start":{"line":58,"column":15},"end":{"line":58,"column":66}},"31":{"start":{"line":59,"column":2},"end":{"line":59,"column":16}},"32":{"start":{"line":64,"column":19},"end":{"line":64,"column":34}},"33":{"start":{"line":65,"column":15},"end":{"line":65,"column":83}},"34":{"start":{"line":66,"column":2},"end":{"line":66,"column":16}},"35":{"start":{"line":71,"column":2},"end":{"line":76,"column":14}},"36":{"start":{"line":81,"column":2},"end":{"line":86,"column":14}},"37":{"start":{"line":91,"column":2},"end":{"line":91,"column":62}},"38":{"start":{"line":96,"column":0},"end":{"line":98,"column":3}},"39":{"start":{"line":97,"column":2},"end":{"line":97,"column":26}},"40":{"start":{"line":100,"column":0},"end":{"line":100,"column":49}},"41":{"start":{"line":102,"column":0},"end":{"line":102,"column":21}}},"fnMap":{"0":{"name":"(anonymous_0)","decl":{"start":{"line":20,"column":23},"end":{"line":20,"column":24}},"loc":{"start":{"line":20,"column":37},"end":{"line":22,"column":1}},"line":20},"1":{"name":"(anonymous_1)","decl":{"start":{"line":25,"column":41},"end":{"line":25,"column":42}},"loc":{"start":{"line":25,"column":55},"end":{"line":33,"column":1}},"line":25},"2":{"name":"(anonymous_2)","decl":{"start":{"line":36,"column":41},"end":{"line":36,"column":42}},"loc":{"start":{"line":36,"column":55},"end":{"line":44,"column":1}},"line":36},"3":{"name":"(anonymous_3)","decl":{"start":{"line":46,"column":14},"end":{"line":46,"column":15}},"loc":{"start":{"line":46,"column":34},"end":{"line":48,"column":1}},"line":46},"4":{"name":"(anonymous_4)","decl":{"start":{"line":50,"column":8},"end":{"line":50,"column":9}},"loc":{"start":{"line":50,"column":38},"end":{"line":53,"column":1}},"line":50},"5":{"name":"encrypt","decl":{"start":{"line":56,"column":9},"end":{"line":56,"column":16}},"loc":{"start":{"line":56,"column":24},"end":{"line":60,"column":1}},"line":56},"6":{"name":"decrypt","decl":{"start":{"line":63,"column":9},"end":{"line":63,"column":16}},"loc":{"start":{"line":63,"column":24},"end":{"line":67,"column":1}},"line":63},"7":{"name":"stringifySuccessfulValueToRetrieve","decl":{"start":{"line":70,"column":9},"end":{"line":70,"column":43}},"loc":{"start":{"line":70,"column":58},"end":{"line":77,"column":1}},"line":70},"8":{"name":"stringifyFailedValueToRetrieve","decl":{"start":{"line":80,"column":9},"end":{"line":80,"column":39}},"loc":{"start":{"line":80,"column":53},"end":{"line":87,"column":1}},"line":80},"9":{"name":"validateInput","decl":{"start":{"line":90,"column":9},"end":{"line":90,"column":22}},"loc":{"start":{"line":90,"column":29},"end":{"line":92,"column":1}},"line":90},"10":{"name":"(anonymous_10)","decl":{"start":{"line":96,"column":23},"end":{"line":96,"column":24}},"loc":{"start":{"line":96,"column":29},"end":{"line":98,"column":1}},"line":96}},"branchMap":{"0":{"loc":{"start":{"line":28,"column":2},"end":{"line":30,"column":3}},"type":"if","locations":[{"start":{"line":28,"column":2},"end":{"line":30,"column":3}},{"start":{"line":28,"column":2},"end":{"line":30,"column":3}}],"line":28},"1":{"loc":{"start":{"line":39,"column":2},"end":{"line":41,"column":3}},"type":"if","locations":[{"start":{"line":39,"column":2},"end":{"line":41,"column":3}},{"start":{"line":39,"column":2},"end":{"line":41,"column":3}}],"line":39},"2":{"loc":{"start":{"line":91,"column":9},"end":{"line":91,"column":61}},"type":"binary-expr","locations":[{"start":{"line":91,"column":9},"end":{"line":91,"column":34}},{"start":{"line":91,"column":38},"end":{"line":91,"column":61}}],"line":91}},"s":{"0":1,"1":1,"2":1,"3":1,"4":1,"5":1,"6":1,"7":1,"8":1,"9":1,"10":1,"11":1,"12":1,"13":1,"14":0,"15":1,"16":1,"17":1,"18":1,"19":1,"20":1,"21":0,"22":1,"23":1,"24":1,"25":0,"26":1,"27":0,"28":0,"29":1,"30":1,"31":1,"32":1,"33":1,"34":1,"35":2,"36":0,"37":2,"38":1,"39":1,"40":1,"41":1},"f":{"0":1,"1":1,"2":1,"3":0,"4":0,"5":1,"6":1,"7":2,"8":0,"9":2,"10":1},"b":{"0":[0,1],"1":[0,1],"2":[2,0]},"_coverageSchema":"1a1c01bbd47fc00a2c39e90264f33305004495a9","hash":"c9f394cabe5148645d9280e9723c14323e069914"}
}
