TN:
SF:server.js
FN:20,(anonymous_0)
FN:25,(anonymous_1)
FN:36,(anonymous_2)
FN:46,(anonymous_3)
FN:50,(anonymous_4)
FN:56,encrypt
FN:63,decrypt
FN:70,stringifySuccessfulValueToRetrieve
FN:80,stringifyFailedValueToRetrieve
FN:90,validateInput
FN:96,(anonymous_10)
FNF:11
FNH:8
FNDA:1,(anonymous_0)
FNDA:1,(anonymous_1)
FNDA:1,(anonymous_2)
FNDA:0,(anonymous_3)
FNDA:0,(anonymous_4)
FNDA:1,encrypt
FNDA:1,decrypt
FNDA:2,stringifySuccessfulValueToRetrieve
FNDA:0,stringifyFailedValueToRetrieve
FNDA:2,validateInput
FNDA:1,(anonymous_10)
DA:3,1
DA:4,1
DA:7,1
DA:9,1
DA:11,1
DA:14,1
DA:15,1
DA:18,1
DA:20,1
DA:21,1
DA:25,1
DA:26,1
DA:27,1
DA:28,1
DA:29,0
DA:31,1
DA:32,1
DA:36,1
DA:37,1
DA:38,1
DA:39,1
DA:40,0
DA:42,1
DA:43,1
DA:46,1
DA:47,0
DA:50,1
DA:51,0
DA:52,0
DA:57,1
DA:58,1
DA:59,1
DA:64,1
DA:65,1
DA:66,1
DA:71,2
DA:81,0
DA:91,2
DA:96,1
DA:97,1
DA:100,1
DA:102,1
LF:42
LH:36
BRDA:28,0,0,0
BRDA:28,0,1,1
BRDA:39,1,0,0
BRDA:39,1,1,1
BRDA:91,2,0,2
BRDA:91,2,1,0
BRF:6
BRH:3
end_of_record
